f2 threshold is : [0.03, 0.06, 0.09, 0.12, 0.15, 0.18, 0.21, 0.24, 0.27, 0.3, 0.35, 0.4, 0.45, 0.5]
2018-07-20:05:57:39: load meta model info
[0]	train-error:0.001935	eval-error:0.00173	train-Sparse-Greedy-F2:0.990399	eval-Sparse-Greedy-F2:0.991408
Multiple eval metrics have been passed: 'eval-Sparse-Greedy-F2' will be used for early stopping.

Will train until eval-Sparse-Greedy-F2 hasn't improved in 10 rounds.
[1]	train-error:0.001935	eval-error:0.00173	train-Sparse-Greedy-F2:0.990399	eval-Sparse-Greedy-F2:0.991408
[2]	train-error:0.001935	eval-error:0.00173	train-Sparse-Greedy-F2:0.529148	eval-Sparse-Greedy-F2:0.555556
[3]	train-error:0.001935	eval-error:0.00173	train-Sparse-Greedy-F2:0.529148	eval-Sparse-Greedy-F2:0.555556
[4]	train-error:0.001935	eval-error:0.00173	train-Sparse-Greedy-F2:0.524715	eval-Sparse-Greedy-F2:0.471545
[5]	train-error:0.001935	eval-error:0.00173	train-Sparse-Greedy-F2:0.515419	eval-Sparse-Greedy-F2:0.455446
[6]	train-error:0.001935	eval-error:0.00173	train-Sparse-Greedy-F2:0.530201	eval-Sparse-Greedy-F2:0.468085
[7]	train-error:0.001935	eval-error:0.00173	train-Sparse-Greedy-F2:0.497258	eval-Sparse-Greedy-F2:0.468085
[8]	train-error:0.001935	eval-error:0.00173	train-Sparse-Greedy-F2:0.516129	eval-Sparse-Greedy-F2:0.471545
[9]	train-error:0.001935	eval-error:0.00173	train-Sparse-Greedy-F2:0.509018	eval-Sparse-Greedy-F2:0.444444
[10]	train-error:0.001935	eval-error:0.00173	train-Sparse-Greedy-F2:0.490446	eval-Sparse-Greedy-F2:0.444444
[11]	train-error:0.001935	eval-error:0.00173	train-Sparse-Greedy-F2:0.494585	eval-Sparse-Greedy-F2:0.479167
[12]	train-error:0.001935	eval-error:0.00173	train-Sparse-Greedy-F2:0.511111	eval-Sparse-Greedy-F2:0.471545
[13]	train-error:0.001935	eval-error:0.00173	train-Sparse-Greedy-F2:0.495575	eval-Sparse-Greedy-F2:0.46281
[14]	train-error:0.001935	eval-error:0.00173	train-Sparse-Greedy-F2:0.486373	eval-Sparse-Greedy-F2:0.459459
[15]	train-error:0.001935	eval-error:0.00173	train-Sparse-Greedy-F2:0.489362	eval-Sparse-Greedy-F2:0.466019
[16]	train-error:0.001935	eval-error:0.00173	train-Sparse-Greedy-F2:0.468268	eval-Sparse-Greedy-F2:0.444444
[17]	train-error:0.001935	eval-error:0.00173	train-Sparse-Greedy-F2:0.450102	eval-Sparse-Greedy-F2:0.460784
[18]	train-error:0.001935	eval-error:0.00173	train-Sparse-Greedy-F2:0.47479	eval-Sparse-Greedy-F2:0.444444
[19]	train-error:0.001935	eval-error:0.00173	train-Sparse-Greedy-F2:0.481766	eval-Sparse-Greedy-F2:0.427083
[20]	train-error:0.001935	eval-error:0.00173	train-Sparse-Greedy-F2:0.471624	eval-Sparse-Greedy-F2:0.468085
[21]	train-error:0.001935	eval-error:0.00173	train-Sparse-Greedy-F2:0.455645	eval-Sparse-Greedy-F2:0.455446
[22]	train-error:0.001935	eval-error:0.00173	train-Sparse-Greedy-F2:0.450102	eval-Sparse-Greedy-F2:0.45
[23]	train-error:0.001935	eval-error:0.00173	train-Sparse-Greedy-F2:0.475891	eval-Sparse-Greedy-F2:0.444444
[24]	train-error:0.001935	eval-error:0.00173	train-Sparse-Greedy-F2:0.469112	eval-Sparse-Greedy-F2:0.427083
[25]	train-error:0.001912	eval-error:0.001639	train-Sparse-Greedy-F2:0.473684	eval-Sparse-Greedy-F2:0.427083
[26]	train-error:0.001935	eval-error:0.00173	train-Sparse-Greedy-F2:0.461078	eval-Sparse-Greedy-F2:0.414894
[27]	train-error:0.001912	eval-error:0.001639	train-Sparse-Greedy-F2:0.455645	eval-Sparse-Greedy-F2:0.462366
[28]	train-error:0.001912	eval-error:0.001639	train-Sparse-Greedy-F2:0.453441	eval-Sparse-Greedy-F2:0.462366
[29]	train-error:0.001912	eval-error:0.001639	train-Sparse-Greedy-F2:0.458078	eval-Sparse-Greedy-F2:0.462366
[30]	train-error:0.001935	eval-error:0.00173	train-Sparse-Greedy-F2:0.470135	eval-Sparse-Greedy-F2:0.444444
[31]	train-error:0.001912	eval-error:0.001639	train-Sparse-Greedy-F2:0.460581	eval-Sparse-Greedy-F2:0.444444
[32]	train-error:0.001912	eval-error:0.001639	train-Sparse-Greedy-F2:0.469548	eval-Sparse-Greedy-F2:0.444444
[33]	train-error:0.001889	eval-error:0.001639	train-Sparse-Greedy-F2:0.459459	eval-Sparse-Greedy-F2:0.43609
[34]	train-error:0.001844	eval-error:0.001639	train-Sparse-Greedy-F2:0.455535	eval-Sparse-Greedy-F2:0.43609
[35]	train-error:0.001798	eval-error:0.001639	train-Sparse-Greedy-F2:0.457831	eval-Sparse-Greedy-F2:0.43609
[36]	train-error:0.001867	eval-error:0.001639	train-Sparse-Greedy-F2:0.449627	eval-Sparse-Greedy-F2:0.43609
Stopping. Best iteration:
[26]	train-error:0.001935	eval-error:0.00173	train-Sparse-Greedy-F2:0.461078	eval-Sparse-Greedy-F2:0.414894

####### Smooth F2-Score is 0.018205 #######
####### F2-Score with threshold 0.1 is 0.008592 #######
####### F2-Score with threshold 0.2 is 0.504202 #######
####### Greedy F2-Score is 0.585106 #######
2018-07-20:05:57:46: eta:0.050000, max_depth:2, f2:0.585106
2018-07-20:05:57:46: best_iteration:26.000000,  best_score:0.414894, best_ntree_limit=27.000000
2018-07-20:05:57:46: 

[0]	train-error:0.001935	eval-error:0.00173	train-Sparse-Greedy-F2:0.990399	eval-Sparse-Greedy-F2:0.991408
Multiple eval metrics have been passed: 'eval-Sparse-Greedy-F2' will be used for early stopping.

Will train until eval-Sparse-Greedy-F2 hasn't improved in 10 rounds.
[1]	train-error:0.001935	eval-error:0.00173	train-Sparse-Greedy-F2:0.990399	eval-Sparse-Greedy-F2:0.991408
[2]	train-error:0.001935	eval-error:0.00173	train-Sparse-Greedy-F2:0.523282	eval-Sparse-Greedy-F2:0.550562
[3]	train-error:0.001935	eval-error:0.00173	train-Sparse-Greedy-F2:0.546485	eval-Sparse-Greedy-F2:0.550562
[4]	train-error:0.001935	eval-error:0.00173	train-Sparse-Greedy-F2:0.535284	eval-Sparse-Greedy-F2:0.464286
[5]	train-error:0.001935	eval-error:0.00173	train-Sparse-Greedy-F2:0.504405	eval-Sparse-Greedy-F2:0.550562
[6]	train-error:0.001935	eval-error:0.00173	train-Sparse-Greedy-F2:0.512195	eval-Sparse-Greedy-F2:0.550562
[7]	train-error:0.001935	eval-error:0.00173	train-Sparse-Greedy-F2:0.520325	eval-Sparse-Greedy-F2:0.493243
[8]	train-error:0.001935	eval-error:0.00173	train-Sparse-Greedy-F2:0.523364	eval-Sparse-Greedy-F2:0.475806
[9]	train-error:0.001935	eval-error:0.00173	train-Sparse-Greedy-F2:0.503968	eval-Sparse-Greedy-F2:0.458333
[10]	train-error:0.001935	eval-error:0.00173	train-Sparse-Greedy-F2:0.483122	eval-Sparse-Greedy-F2:0.444444
[11]	train-error:0.001935	eval-error:0.00173	train-Sparse-Greedy-F2:0.497817	eval-Sparse-Greedy-F2:0.479167
[12]	train-error:0.001935	eval-error:0.00173	train-Sparse-Greedy-F2:0.490909	eval-Sparse-Greedy-F2:0.473684
[13]	train-error:0.001935	eval-error:0.00173	train-Sparse-Greedy-F2:0.501953	eval-Sparse-Greedy-F2:0.46281
[14]	train-error:0.001935	eval-error:0.00173	train-Sparse-Greedy-F2:0.454545	eval-Sparse-Greedy-F2:0.462366
[15]	train-error:0.001935	eval-error:0.00173	train-Sparse-Greedy-F2:0.47479	eval-Sparse-Greedy-F2:0.466019
[16]	train-error:0.001935	eval-error:0.00173	train-Sparse-Greedy-F2:0.477186	eval-Sparse-Greedy-F2:0.460784
[17]	train-error:0.001935	eval-error:0.00173	train-Sparse-Greedy-F2:0.458918	eval-Sparse-Greedy-F2:0.460784
[18]	train-error:0.001912	eval-error:0.001639	train-Sparse-Greedy-F2:0.454545	eval-Sparse-Greedy-F2:0.444444
[19]	train-error:0.001912	eval-error:0.001639	train-Sparse-Greedy-F2:0.484211	eval-Sparse-Greedy-F2:0.466019
[20]	train-error:0.001935	eval-error:0.00173	train-Sparse-Greedy-F2:0.47619	eval-Sparse-Greedy-F2:0.462366
Stopping. Best iteration:
[10]	train-error:0.001935	eval-error:0.00173	train-Sparse-Greedy-F2:0.483122	eval-Sparse-Greedy-F2:0.444444

####### Smooth F2-Score is 0.011139 #######
####### F2-Score with threshold 0.1 is 0.008592 #######
####### F2-Score with threshold 0.2 is 0.008592 #######
####### Greedy F2-Score is 0.567010 #######
2018-07-20:05:57:49: eta:0.050000, max_depth:2, f2:0.567010
2018-07-20:05:57:49: best_iteration:10.000000,  best_score:0.444444, best_ntree_limit=11.000000
2018-07-20:05:57:49: 

[0]	train-error:0.001935	eval-error:0.00173	train-Sparse-Greedy-F2:0.990399	eval-Sparse-Greedy-F2:0.991408
Multiple eval metrics have been passed: 'eval-Sparse-Greedy-F2' will be used for early stopping.

Will train until eval-Sparse-Greedy-F2 hasn't improved in 10 rounds.
[1]	train-error:0.001935	eval-error:0.00173	train-Sparse-Greedy-F2:0.990399	eval-Sparse-Greedy-F2:0.991408
[2]	train-error:0.001935	eval-error:0.00173	train-Sparse-Greedy-F2:0.523282	eval-Sparse-Greedy-F2:0.550562
[3]	train-error:0.001935	eval-error:0.00173	train-Sparse-Greedy-F2:0.546485	eval-Sparse-Greedy-F2:0.550562
[4]	train-error:0.001935	eval-error:0.00173	train-Sparse-Greedy-F2:0.535284	eval-Sparse-Greedy-F2:0.464286
[5]	train-error:0.001935	eval-error:0.00173	train-Sparse-Greedy-F2:0.504405	eval-Sparse-Greedy-F2:0.550562
[6]	train-error:0.001935	eval-error:0.00173	train-Sparse-Greedy-F2:0.512195	eval-Sparse-Greedy-F2:0.550562
[7]	train-error:0.001935	eval-error:0.00173	train-Sparse-Greedy-F2:0.51876	eval-Sparse-Greedy-F2:0.493243
[8]	train-error:0.001935	eval-error:0.00173	train-Sparse-Greedy-F2:0.522472	eval-Sparse-Greedy-F2:0.471545
[9]	train-error:0.001935	eval-error:0.00173	train-Sparse-Greedy-F2:0.503968	eval-Sparse-Greedy-F2:0.458333
[10]	train-error:0.001935	eval-error:0.00173	train-Sparse-Greedy-F2:0.475891	eval-Sparse-Greedy-F2:0.444444
[11]	train-error:0.001935	eval-error:0.00173	train-Sparse-Greedy-F2:0.5	eval-Sparse-Greedy-F2:0.444444
[12]	train-error:0.001935	eval-error:0.00173	train-Sparse-Greedy-F2:0.492754	eval-Sparse-Greedy-F2:0.468085
[13]	train-error:0.001935	eval-error:0.00173	train-Sparse-Greedy-F2:0.475191	eval-Sparse-Greedy-F2:0.462366
[14]	train-error:0.001935	eval-error:0.00173	train-Sparse-Greedy-F2:0.486653	eval-Sparse-Greedy-F2:0.454545
[15]	train-error:0.001935	eval-error:0.00173	train-Sparse-Greedy-F2:0.480249	eval-Sparse-Greedy-F2:0.444444
[16]	train-error:0.001935	eval-error:0.00173	train-Sparse-Greedy-F2:0.477186	eval-Sparse-Greedy-F2:0.460784
[17]	train-error:0.001935	eval-error:0.00173	train-Sparse-Greedy-F2:0.482759	eval-Sparse-Greedy-F2:0.440299
[18]	train-error:0.001935	eval-error:0.00173	train-Sparse-Greedy-F2:0.482402	eval-Sparse-Greedy-F2:0.444444
[19]	train-error:0.001935	eval-error:0.00173	train-Sparse-Greedy-F2:0.484211	eval-Sparse-Greedy-F2:0.468085
